Arguments: 
  C:\Program Files\nodejs\node.exe C:\Program Files (x86)\Yarn\bin\yarn.js add react-navigation-stack

PATH: 
  C:\Program Files (x86)\Common Files\Oracle\Java\javapath;C:\Program Files (x86)\Pololu\Maestro\bin;C:\WINDOWS\system32;C:\WINDOWS;C:\WINDOWS\System32\Wbem;C:\WINDOWS\System32\WindowsPowerShell\v1.0\;C:\Program Files\MATLAB\R2016a\runtime\win64;C:\Program Files\MATLAB\R2016a\bin;C:\Program Files\MATLAB\R2016a\polyspace\bin;C:\Program Files\PuTTY\;C:\TDM-GCC-64\bin;C:\Program Files (x86)\Windows Kits\10\Windows Performance Toolkit\;C:\Program Files\Microsoft VS Code\bin;C:\WINDOWS\System32\OpenSSH\;C:\Users\andre\Anaconda3\Scripts;C:\Program Files\MATLAB\MATLAB Runtime\v901\runtime\win64;C:\Program Files\nodejs\;C:\Program Files\Git\cmd;C:\Program Files (x86)\Yarn\bin\;C:\Users\andre\AppData\Local\Microsoft\WindowsApps;C:\Users\andre\AppData\Roaming\npm;C:\Users\andre\AppData\Local\Yarn\bin;

Yarn version: 
  1.17.3

Node version: 
  10.16.3

Platform: 
  win32 x64

Trace: 
  Error: EPERM: operation not permitted, copyfile 'C:\Users\andre\AppData\Local\Yarn\Cache\v4\npm-@types-lodash-4.14.141-d81f4d0c562abe28713406b571ffb27692a82ae6\node_modules\@types\lodash\ts3.1\startCase.d.ts' -> 'C:\Users\andre\Desktop\Reac Native\login_3\node_modules\@types\lodash\ts3.1\startCase.d.ts'

npm manifest: 
  {
    "main": "node_modules/expo/AppEntry.js",
    "scripts": {
      "start": "expo start",
      "android": "expo start --android",
      "ios": "expo start --ios",
      "web": "expo start --web",
      "eject": "expo eject"
    },
    "dependencies": {
      "expo": "^35.0.0",
      "native-base": "^2.13.8",
      "react": "16.8.3",
      "react-dom": "16.8.3",
      "react-native": "https://github.com/expo/react-native/archive/sdk-35.0.0.tar.gz",
      "react-native-gesture-handler": "~1.3.0",
      "react-native-reanimated": "~1.2.0",
      "react-native-screens": "~1.0.0-alpha.23",
      "react-native-web": "^0.11.7",
      "react-navigation": "^4.0.10"
    },
    "devDependencies": {
      "babel-preset-expo": "^7.0.0"
    },
    "private": true
  }

yarn manifest: 
  No manifest

Lockfile: 
  No lockfile
